2019-03-20 15:09:23,818 p=29840 u=root |  node1.lab.example.com | SUCCESS => {
    "changed": true, 
    "name": "docker", 
    "state": "started", 
    "status": {
        "ActiveEnterTimestamp": "Wed 2019-03-20 13:10:31 IST", 
        "ActiveEnterTimestampMonotonic": "7671611794", 
        "ActiveExitTimestamp": "Wed 2019-03-20 13:10:28 IST", 
        "ActiveExitTimestampMonotonic": "7668786577", 
        "ActiveState": "active", 
        "After": "basic.target docker-storage-setup.service registries.service system.slice systemd-journald.socket rhel-push-plugin.socket network.target", 
        "AllowIsolate": "no", 
        "AmbientCapabilities": "0", 
        "AssertResult": "yes", 
        "AssertTimestamp": "Wed 2019-03-20 13:10:29 IST", 
        "AssertTimestampMonotonic": "7669972591", 
        "Before": "shutdown.target atomic-openshift-node.service multi-user.target", 
        "BlockIOAccounting": "yes", 
        "BlockIOWeight": "18446744073709551615", 
        "CPUAccounting": "yes", 
        "CPUQuotaPerSecUSec": "infinity", 
        "CPUSchedulingPolicy": "0", 
        "CPUSchedulingPriority": "0", 
        "CPUSchedulingResetOnFork": "no", 
        "CPUShares": "18446744073709551615", 
        "CanIsolate": "no", 
        "CanReload": "yes", 
        "CanStart": "yes", 
        "CanStop": "yes", 
        "CapabilityBoundingSet": "18446744073709551615", 
        "ConditionResult": "yes", 
        "ConditionTimestamp": "Wed 2019-03-20 13:10:29 IST", 
        "ConditionTimestampMonotonic": "7669972591", 
        "Conflicts": "shutdown.target", 
        "ControlGroup": "/system.slice/docker.service", 
        "ControlPID": "0", 
        "DefaultDependencies": "yes", 
        "Delegate": "no", 
        "Description": "Docker Application Container Engine", 
        "DevicePolicy": "auto", 
        "Documentation": "http://docs.docker.com", 
        "Environment": "GOTRACEBACK=crash DOCKER_HTTP_HOST_COMPAT=1 PATH=/usr/libexec/docker:/usr/bin:/usr/sbin", 
        "EnvironmentFile": "/etc/sysconfig/docker-network (ignore_errors=yes)", 
        "ExecMainCode": "0", 
        "ExecMainExitTimestampMonotonic": "0", 
        "ExecMainPID": "15568", 
        "ExecMainStartTimestamp": "Wed 2019-03-20 13:10:29 IST", 
        "ExecMainStartTimestampMonotonic": "7669973725", 
        "ExecMainStatus": "0", 
        "ExecReload": "{ path=/bin/kill ; argv[]=/bin/kill -s HUP $MAINPID ; ignore_errors=no ; start_time=[n/a] ; stop_time=[n/a] ; pid=0 ; code=(null) ; status=0/0 }", 
        "ExecStart": "{ path=/usr/bin/dockerd-current ; argv[]=/usr/bin/dockerd-current --add-runtime docker-runc=/usr/libexec/docker/docker-runc-current --default-runtime=docker-runc --authorization-plugin=rhel-push-plugin --exec-opt native.cgroupdriver=systemd --userland-proxy-path=/usr/libexec/docker/docker-proxy-current --init-path=/usr/libexec/docker/docker-init-current --seccomp-profile=/etc/docker/seccomp.json $OPTIONS $DOCKER_STORAGE_OPTIONS $DOCKER_NETWORK_OPTIONS $ADD_REGISTRY $BLOCK_REGISTRY $INSECURE_REGISTRY $REGISTRIES ; ignore_errors=no ; start_time=[n/a] ; stop_time=[n/a] ; pid=0 ; code=(null) ; status=0/0 }", 
        "FailureAction": "none", 
        "FileDescriptorStoreMax": "0", 
        "FragmentPath": "/usr/lib/systemd/system/docker.service", 
        "GuessMainPID": "yes", 
        "IOScheduling": "0", 
        "Id": "docker.service", 
        "IgnoreOnIsolate": "no", 
        "IgnoreOnSnapshot": "no", 
        "IgnoreSIGPIPE": "yes", 
        "InactiveEnterTimestamp": "Wed 2019-03-20 13:10:29 IST", 
        "InactiveEnterTimestampMonotonic": "7669807668", 
        "InactiveExitTimestamp": "Wed 2019-03-20 13:10:29 IST", 
        "InactiveExitTimestampMonotonic": "7669973771", 
        "JobTimeoutAction": "none", 
        "JobTimeoutUSec": "0", 
        "KillMode": "process", 
        "KillSignal": "15", 
        "LimitAS": "18446744073709551615", 
        "LimitCORE": "18446744073709551615", 
        "LimitCPU": "18446744073709551615", 
        "LimitDATA": "18446744073709551615", 
        "LimitFSIZE": "18446744073709551615", 
        "LimitLOCKS": "18446744073709551615", 
        "LimitMEMLOCK": "65536", 
        "LimitMSGQUEUE": "819200", 
        "LimitNICE": "0", 
        "LimitNOFILE": "1048576", 
        "LimitNPROC": "1048576", 
        "LimitRSS": "18446744073709551615", 
        "LimitRTPRIO": "0", 
        "LimitRTTIME": "18446744073709551615", 
        "LimitSIGPENDING": "31118", 
        "LimitSTACK": "18446744073709551615", 
        "LoadState": "loaded", 
        "MainPID": "15568", 
        "MemoryAccounting": "yes", 
        "MemoryCurrent": "1902977024", 
        "MemoryLimit": "18446744073709551615", 
        "MountFlags": "0", 
        "Names": "docker.service", 
        "NeedDaemonReload": "no", 
        "Nice": "0", 
        "NoNewPrivileges": "no", 
        "NonBlocking": "no", 
        "NotifyAccess": "all", 
        "OOMScoreAdjust": "0", 
        "OnFailureJobMode": "replace", 
        "PermissionsStartOnly": "no", 
        "PrivateDevices": "no", 
        "PrivateNetwork": "no", 
        "PrivateTmp": "no", 
        "ProtectHome": "no", 
        "ProtectSystem": "no", 
        "RefuseManualStart": "no", 
        "RefuseManualStop": "no", 
        "RemainAfterExit": "no", 
        "RequiredBy": "docker-cleanup.service", 
        "Requires": "registries.service rhel-push-plugin.socket docker-cleanup.timer basic.target", 
        "Restart": "on-abnormal", 
        "RestartUSec": "100ms", 
        "Result": "success", 
        "RootDirectoryStartOnly": "no", 
        "RuntimeDirectoryMode": "0755", 
        "SameProcessGroup": "no", 
        "SecureBits": "0", 
        "SendSIGHUP": "no", 
        "SendSIGKILL": "yes", 
        "Slice": "system.slice", 
        "StandardError": "inherit", 
        "StandardInput": "null", 
        "StandardOutput": "journal", 
        "StartLimitAction": "none", 
        "StartLimitBurst": "5", 
        "StartLimitInterval": "10000000", 
        "StartupBlockIOWeight": "18446744073709551615", 
        "StartupCPUShares": "18446744073709551615", 
        "StatusErrno": "0", 
        "StopWhenUnneeded": "no", 
        "SubState": "running", 
        "SyslogLevelPrefix": "yes", 
        "SyslogPriority": "30", 
        "SystemCallErrorNumber": "0", 
        "TTYReset": "no", 
        "TTYVHangup": "no", 
        "TTYVTDisallocate": "no", 
        "TasksAccounting": "no", 
        "TasksCurrent": "18446744073709551615", 
        "TasksMax": "18446744073709551615", 
        "TimeoutStartUSec": "0", 
        "TimeoutStopUSec": "1min 30s", 
        "TimerSlackNSec": "50000", 
        "Transient": "no", 
        "Type": "notify", 
        "UMask": "0022", 
        "UnitFilePreset": "disabled", 
        "UnitFileState": "enabled", 
        "WantedBy": "atomic-openshift-node.service multi-user.target", 
        "Wants": "docker-storage-setup.service system.slice", 
        "WatchdogTimestamp": "Wed 2019-03-20 13:10:31 IST", 
        "WatchdogTimestampMonotonic": "7671611748", 
        "WatchdogUSec": "0"
    }
}
2019-03-20 15:09:24,220 p=29840 u=root |  master.lab.example.com | SUCCESS => {
    "changed": true, 
    "name": "docker", 
    "state": "started", 
    "status": {
        "ActiveEnterTimestamp": "Wed 2019-03-20 13:10:31 IST", 
        "ActiveEnterTimestampMonotonic": "7670617202", 
        "ActiveExitTimestamp": "Wed 2019-03-20 13:10:28 IST", 
        "ActiveExitTimestampMonotonic": "7667751148", 
        "ActiveState": "active", 
        "After": "system.slice docker-storage-setup.service basic.target network.target registries.service rhel-push-plugin.socket systemd-journald.socket", 
        "AllowIsolate": "no", 
        "AmbientCapabilities": "0", 
        "AssertResult": "yes", 
        "AssertTimestamp": "Wed 2019-03-20 13:10:29 IST", 
        "AssertTimestampMonotonic": "7668958252", 
        "Before": "shutdown.target multi-user.target atomic-openshift-node.service", 
        "BlockIOAccounting": "yes", 
        "BlockIOWeight": "18446744073709551615", 
        "CPUAccounting": "yes", 
        "CPUQuotaPerSecUSec": "infinity", 
        "CPUSchedulingPolicy": "0", 
        "CPUSchedulingPriority": "0", 
        "CPUSchedulingResetOnFork": "no", 
        "CPUShares": "18446744073709551615", 
        "CanIsolate": "no", 
        "CanReload": "yes", 
        "CanStart": "yes", 
        "CanStop": "yes", 
        "CapabilityBoundingSet": "18446744073709551615", 
        "ConditionResult": "yes", 
        "ConditionTimestamp": "Wed 2019-03-20 13:10:29 IST", 
        "ConditionTimestampMonotonic": "7668958252", 
        "Conflicts": "shutdown.target", 
        "ControlGroup": "/system.slice/docker.service", 
        "ControlPID": "0", 
        "DefaultDependencies": "yes", 
        "Delegate": "no", 
        "Description": "Docker Application Container Engine", 
        "DevicePolicy": "auto", 
        "Documentation": "http://docs.docker.com", 
        "Environment": "GOTRACEBACK=crash DOCKER_HTTP_HOST_COMPAT=1 PATH=/usr/libexec/docker:/usr/bin:/usr/sbin", 
        "EnvironmentFile": "/etc/sysconfig/docker-network (ignore_errors=yes)", 
        "ExecMainCode": "0", 
        "ExecMainExitTimestampMonotonic": "0", 
        "ExecMainPID": "11982", 
        "ExecMainStartTimestamp": "Wed 2019-03-20 13:10:29 IST", 
        "ExecMainStartTimestampMonotonic": "7668959546", 
        "ExecMainStatus": "0", 
        "ExecReload": "{ path=/bin/kill ; argv[]=/bin/kill -s HUP $MAINPID ; ignore_errors=no ; start_time=[n/a] ; stop_time=[n/a] ; pid=0 ; code=(null) ; status=0/0 }", 
        "ExecStart": "{ path=/usr/bin/dockerd-current ; argv[]=/usr/bin/dockerd-current --add-runtime docker-runc=/usr/libexec/docker/docker-runc-current --default-runtime=docker-runc --authorization-plugin=rhel-push-plugin --exec-opt native.cgroupdriver=systemd --userland-proxy-path=/usr/libexec/docker/docker-proxy-current --init-path=/usr/libexec/docker/docker-init-current --seccomp-profile=/etc/docker/seccomp.json $OPTIONS $DOCKER_STORAGE_OPTIONS $DOCKER_NETWORK_OPTIONS $ADD_REGISTRY $BLOCK_REGISTRY $INSECURE_REGISTRY $REGISTRIES ; ignore_errors=no ; start_time=[n/a] ; stop_time=[n/a] ; pid=0 ; code=(null) ; status=0/0 }", 
        "FailureAction": "none", 
        "FileDescriptorStoreMax": "0", 
        "FragmentPath": "/usr/lib/systemd/system/docker.service", 
        "GuessMainPID": "yes", 
        "IOScheduling": "0", 
        "Id": "docker.service", 
        "IgnoreOnIsolate": "no", 
        "IgnoreOnSnapshot": "no", 
        "IgnoreSIGPIPE": "yes", 
        "InactiveEnterTimestamp": "Wed 2019-03-20 13:10:29 IST", 
        "InactiveEnterTimestampMonotonic": "7668765745", 
        "InactiveExitTimestamp": "Wed 2019-03-20 13:10:29 IST", 
        "InactiveExitTimestampMonotonic": "7668959588", 
        "JobTimeoutAction": "none", 
        "JobTimeoutUSec": "0", 
        "KillMode": "process", 
        "KillSignal": "15", 
        "LimitAS": "18446744073709551615", 
        "LimitCORE": "18446744073709551615", 
        "LimitCPU": "18446744073709551615", 
        "LimitDATA": "18446744073709551615", 
        "LimitFSIZE": "18446744073709551615", 
        "LimitLOCKS": "18446744073709551615", 
        "LimitMEMLOCK": "65536", 
        "LimitMSGQUEUE": "819200", 
        "LimitNICE": "0", 
        "LimitNOFILE": "1048576", 
        "LimitNPROC": "1048576", 
        "LimitRSS": "18446744073709551615", 
        "LimitRTPRIO": "0", 
        "LimitRTTIME": "18446744073709551615", 
        "LimitSIGPENDING": "7184", 
        "LimitSTACK": "18446744073709551615", 
        "LoadState": "loaded", 
        "MainPID": "11982", 
        "MemoryAccounting": "yes", 
        "MemoryCurrent": "58875904", 
        "MemoryLimit": "18446744073709551615", 
        "MountFlags": "0", 
        "Names": "docker.service", 
        "NeedDaemonReload": "no", 
        "Nice": "0", 
        "NoNewPrivileges": "no", 
        "NonBlocking": "no", 
        "NotifyAccess": "all", 
        "OOMScoreAdjust": "0", 
        "OnFailureJobMode": "replace", 
        "PermissionsStartOnly": "no", 
        "PrivateDevices": "no", 
        "PrivateNetwork": "no", 
        "PrivateTmp": "no", 
        "ProtectHome": "no", 
        "ProtectSystem": "no", 
        "RefuseManualStart": "no", 
        "RefuseManualStop": "no", 
        "RemainAfterExit": "no", 
        "RequiredBy": "docker-cleanup.service", 
        "Requires": "basic.target registries.service docker-cleanup.timer rhel-push-plugin.socket", 
        "Restart": "on-abnormal", 
        "RestartUSec": "100ms", 
        "Result": "success", 
        "RootDirectoryStartOnly": "no", 
        "RuntimeDirectoryMode": "0755", 
        "SameProcessGroup": "no", 
        "SecureBits": "0", 
        "SendSIGHUP": "no", 
        "SendSIGKILL": "yes", 
        "Slice": "system.slice", 
        "StandardError": "inherit", 
        "StandardInput": "null", 
        "StandardOutput": "journal", 
        "StartLimitAction": "none", 
        "StartLimitBurst": "5", 
        "StartLimitInterval": "10000000", 
        "StartupBlockIOWeight": "18446744073709551615", 
        "StartupCPUShares": "18446744073709551615", 
        "StatusErrno": "0", 
        "StopWhenUnneeded": "no", 
        "SubState": "running", 
        "SyslogLevelPrefix": "yes", 
        "SyslogPriority": "30", 
        "SystemCallErrorNumber": "0", 
        "TTYReset": "no", 
        "TTYVHangup": "no", 
        "TTYVTDisallocate": "no", 
        "TasksAccounting": "no", 
        "TasksCurrent": "18446744073709551615", 
        "TasksMax": "18446744073709551615", 
        "TimeoutStartUSec": "0", 
        "TimeoutStopUSec": "1min 30s", 
        "TimerSlackNSec": "50000", 
        "Transient": "no", 
        "Type": "notify", 
        "UMask": "0022", 
        "UnitFilePreset": "disabled", 
        "UnitFileState": "enabled", 
        "WantedBy": "multi-user.target atomic-openshift-node.service", 
        "Wants": "system.slice docker-storage-setup.service", 
        "WatchdogTimestamp": "Wed 2019-03-20 13:10:31 IST", 
        "WatchdogTimestampMonotonic": "7670617165", 
        "WatchdogUSec": "0"
    }
}
2019-03-20 15:09:37,847 p=29840 u=root |  node2.lab.example.com | SUCCESS => {
    "changed": true, 
    "name": "docker", 
    "state": "started", 
    "status": {
        "ActiveEnterTimestamp": "Wed 2019-03-20 13:10:31 IST", 
        "ActiveEnterTimestampMonotonic": "7670642712", 
        "ActiveExitTimestamp": "Wed 2019-03-20 13:10:28 IST", 
        "ActiveExitTimestampMonotonic": "7667824660", 
        "ActiveState": "active", 
        "After": "systemd-journald.socket system.slice docker-storage-setup.service network.target basic.target rhel-push-plugin.socket registries.service", 
        "AllowIsolate": "no", 
        "AmbientCapabilities": "0", 
        "AssertResult": "yes", 
        "AssertTimestamp": "Wed 2019-03-20 13:10:29 IST", 
        "AssertTimestampMonotonic": "7669010154", 
        "Before": "shutdown.target atomic-openshift-node.service multi-user.target", 
        "BlockIOAccounting": "yes", 
        "BlockIOWeight": "18446744073709551615", 
        "CPUAccounting": "yes", 
        "CPUQuotaPerSecUSec": "infinity", 
        "CPUSchedulingPolicy": "0", 
        "CPUSchedulingPriority": "0", 
        "CPUSchedulingResetOnFork": "no", 
        "CPUShares": "18446744073709551615", 
        "CanIsolate": "no", 
        "CanReload": "yes", 
        "CanStart": "yes", 
        "CanStop": "yes", 
        "CapabilityBoundingSet": "18446744073709551615", 
        "ConditionResult": "yes", 
        "ConditionTimestamp": "Wed 2019-03-20 13:10:29 IST", 
        "ConditionTimestampMonotonic": "7669010154", 
        "Conflicts": "shutdown.target", 
        "ControlGroup": "/system.slice/docker.service", 
        "ControlPID": "0", 
        "DefaultDependencies": "yes", 
        "Delegate": "no", 
        "Description": "Docker Application Container Engine", 
        "DevicePolicy": "auto", 
        "Documentation": "http://docs.docker.com", 
        "Environment": "GOTRACEBACK=crash DOCKER_HTTP_HOST_COMPAT=1 PATH=/usr/libexec/docker:/usr/bin:/usr/sbin", 
        "EnvironmentFile": "/etc/sysconfig/docker-network (ignore_errors=yes)", 
        "ExecMainCode": "0", 
        "ExecMainExitTimestampMonotonic": "0", 
        "ExecMainPID": "15580", 
        "ExecMainStartTimestamp": "Wed 2019-03-20 13:10:29 IST", 
        "ExecMainStartTimestampMonotonic": "7669011067", 
        "ExecMainStatus": "0", 
        "ExecReload": "{ path=/bin/kill ; argv[]=/bin/kill -s HUP $MAINPID ; ignore_errors=no ; start_time=[n/a] ; stop_time=[n/a] ; pid=0 ; code=(null) ; status=0/0 }", 
        "ExecStart": "{ path=/usr/bin/dockerd-current ; argv[]=/usr/bin/dockerd-current --add-runtime docker-runc=/usr/libexec/docker/docker-runc-current --default-runtime=docker-runc --authorization-plugin=rhel-push-plugin --exec-opt native.cgroupdriver=systemd --userland-proxy-path=/usr/libexec/docker/docker-proxy-current --init-path=/usr/libexec/docker/docker-init-current --seccomp-profile=/etc/docker/seccomp.json $OPTIONS $DOCKER_STORAGE_OPTIONS $DOCKER_NETWORK_OPTIONS $ADD_REGISTRY $BLOCK_REGISTRY $INSECURE_REGISTRY $REGISTRIES ; ignore_errors=no ; start_time=[n/a] ; stop_time=[n/a] ; pid=0 ; code=(null) ; status=0/0 }", 
        "FailureAction": "none", 
        "FileDescriptorStoreMax": "0", 
        "FragmentPath": "/usr/lib/systemd/system/docker.service", 
        "GuessMainPID": "yes", 
        "IOScheduling": "0", 
        "Id": "docker.service", 
        "IgnoreOnIsolate": "no", 
        "IgnoreOnSnapshot": "no", 
        "IgnoreSIGPIPE": "yes", 
        "InactiveEnterTimestamp": "Wed 2019-03-20 13:10:29 IST", 
        "InactiveEnterTimestampMonotonic": "7668844816", 
        "InactiveExitTimestamp": "Wed 2019-03-20 13:10:29 IST", 
        "InactiveExitTimestampMonotonic": "7669011098", 
        "JobTimeoutAction": "none", 
        "JobTimeoutUSec": "0", 
        "KillMode": "process", 
        "KillSignal": "15", 
        "LimitAS": "18446744073709551615", 
        "LimitCORE": "18446744073709551615", 
        "LimitCPU": "18446744073709551615", 
        "LimitDATA": "18446744073709551615", 
        "LimitFSIZE": "18446744073709551615", 
        "LimitLOCKS": "18446744073709551615", 
        "LimitMEMLOCK": "65536", 
        "LimitMSGQUEUE": "819200", 
        "LimitNICE": "0", 
        "LimitNOFILE": "1048576", 
        "LimitNPROC": "1048576", 
        "LimitRSS": "18446744073709551615", 
        "LimitRTPRIO": "0", 
        "LimitRTTIME": "18446744073709551615", 
        "LimitSIGPENDING": "31118", 
        "LimitSTACK": "18446744073709551615", 
        "LoadState": "loaded", 
        "MainPID": "15580", 
        "MemoryAccounting": "yes", 
        "MemoryCurrent": "2344550400", 
        "MemoryLimit": "18446744073709551615", 
        "MountFlags": "0", 
        "Names": "docker.service", 
        "NeedDaemonReload": "no", 
        "Nice": "0", 
        "NoNewPrivileges": "no", 
        "NonBlocking": "no", 
        "NotifyAccess": "all", 
        "OOMScoreAdjust": "0", 
        "OnFailureJobMode": "replace", 
        "PermissionsStartOnly": "no", 
        "PrivateDevices": "no", 
        "PrivateNetwork": "no", 
        "PrivateTmp": "no", 
        "ProtectHome": "no", 
        "ProtectSystem": "no", 
        "RefuseManualStart": "no", 
        "RefuseManualStop": "no", 
        "RemainAfterExit": "no", 
        "RequiredBy": "docker-cleanup.service", 
        "Requires": "docker-cleanup.timer registries.service basic.target rhel-push-plugin.socket", 
        "Restart": "on-abnormal", 
        "RestartUSec": "100ms", 
        "Result": "success", 
        "RootDirectoryStartOnly": "no", 
        "RuntimeDirectoryMode": "0755", 
        "SameProcessGroup": "no", 
        "SecureBits": "0", 
        "SendSIGHUP": "no", 
        "SendSIGKILL": "yes", 
        "Slice": "system.slice", 
        "StandardError": "inherit", 
        "StandardInput": "null", 
        "StandardOutput": "journal", 
        "StartLimitAction": "none", 
        "StartLimitBurst": "5", 
        "StartLimitInterval": "10000000", 
        "StartupBlockIOWeight": "18446744073709551615", 
        "StartupCPUShares": "18446744073709551615", 
        "StatusErrno": "0", 
        "StopWhenUnneeded": "no", 
        "SubState": "running", 
        "SyslogLevelPrefix": "yes", 
        "SyslogPriority": "30", 
        "SystemCallErrorNumber": "0", 
        "TTYReset": "no", 
        "TTYVHangup": "no", 
        "TTYVTDisallocate": "no", 
        "TasksAccounting": "no", 
        "TasksCurrent": "18446744073709551615", 
        "TasksMax": "18446744073709551615", 
        "TimeoutStartUSec": "0", 
        "TimeoutStopUSec": "1min 30s", 
        "TimerSlackNSec": "50000", 
        "Transient": "no", 
        "Type": "notify", 
        "UMask": "0022", 
        "UnitFilePreset": "disabled", 
        "UnitFileState": "enabled", 
        "WantedBy": "multi-user.target atomic-openshift-node.service", 
        "Wants": "docker-storage-setup.service system.slice", 
        "WatchdogTimestamp": "Wed 2019-03-20 13:10:31 IST", 
        "WatchdogTimestampMonotonic": "7670642512", 
        "WatchdogUSec": "0"
    }
}
